<?xml version="1.0" encoding="UTF-8"?>
<!-- Generated by org.testng.reporters.JUnitReportReporter -->
<testsuite hostname="LAPTOP-UDPGJVG7" failures="0" tests="1" name="com.ui.PagesTests.TC003_AddEmployee" time="14.214" errors="0" timestamp="2024-06-22T19:41:07 IST" skipped="0">
  <testcase classname="com.ui.PagesTests.TC003_AddEmployee" name="addEmployee" time="14.214"/>
</testsuite> <!-- com.ui.PagesTests.TC003_AddEmployee -->
