<?xml version="1.0" encoding="UTF-8"?>
<!-- Generated by org.testng.reporters.JUnitReportReporter -->
<testsuite hostname="LAPTOP-UDPGJVG7" failures="0" tests="5" name="com.ui.PagesTests.TC001_Login" time="31.525" errors="0" timestamp="2024-06-23T19:54:32 IST" skipped="0">
  <testcase classname="com.ui.PagesTests.TC001_Login" name="siteLink" time="6.897"/>
  <testcase classname="com.ui.PagesTests.TC001_Login" name="verifyLogo" time="4.474"/>
  <testcase classname="com.ui.PagesTests.TC001_Login" name="login" time="8.400"/>
  <testcase classname="com.ui.PagesTests.TC001_Login" name="verifyLoginText" time="4.444"/>
  <testcase classname="com.ui.PagesTests.TC001_Login" name="verifyResetPass" time="7.310"/>
</testsuite> <!-- com.ui.PagesTests.TC001_Login -->
