<?xml version="1.0" encoding="UTF-8"?>
<!-- Generated by org.testng.reporters.JUnitReportReporter -->
<testsuite hostname="LAPTOP-UDPGJVG7" failures="0" tests="1" name="com.ui.PagesTests.TC002_Logout" time="17.846" errors="0" timestamp="2024-06-22T19:41:07 IST" skipped="0">
  <testcase classname="com.ui.PagesTests.TC002_Logout" name="logout" time="17.846"/>
</testsuite> <!-- com.ui.PagesTests.TC002_Logout -->
